Paragraph 1 "Заголовок 1" : Paragraph migrate
Paragraph 2 "Текст под заголовком первого уровня" : Paragraph migrate
Paragraph 3 "Заголовок " : Paragraph migrate
Paragraph 4 "Текст под заголовком второго уровня" : Paragraph migrate
Paragraph 5 "Заголовок " : Paragraph migrate
Paragraph 6 "Текст под заголовком третьего уровня " : Paragraph migrate
Paragraph 7 "Заголовок " : Paragraph migrate
Paragraph 8 "Текст под заголовком четвертого уровня" : Paragraph migrate
Paragraph 9 : Drawing 1 not migrate
Paragraph 10 "List" : Paragraph migrate
Paragraph 11 "Элемент списка 1" : Paragraph migrate
Paragraph 12 "Элемент списка 2" : Paragraph migrate
Paragraph 13 "Элемент списка 3" : Paragraph migrate
Paragraph 14 "Другой список:" : Paragraph migrate
Paragraph 15 "Элемент списка 1" : Paragraph migrate
Paragraph 16 "Элемент списка 2" : Paragraph migrate
Paragraph 17 "Элемент списка 3" : Paragraph migrate
Paragraph 18 "Элемент списка 4" : Paragraph migrate
Paragraph 19 "Третий список" : Paragraph migrate
Paragraph 20 "List1" : Paragraph migrate
Paragraph 21 "List1.2" : Paragraph migrate
Paragraph 22 "List1.3" : Paragraph migrate
Paragraph 23 "List1.3.2" : Paragraph migrate
Paragraph 24 "List2" : Paragraph migrate
Paragraph 25 "List3" : Paragraph migrate
Paragraph 26 "List3.2" : Paragraph migrate
Paragraph 27 "Жирный текст," : Paragraph migrate
Paragraph 28 : Table 1 migrate
Paragraph 29 "Dear Editor," : Paragraph migrate
Paragraph 30 "I am writing to protest about the proposal for a new airport" : Paragraph migrate
Paragraph 31 "First, the government says that the airport will bring us " : Paragraph migrate
Paragraph 32 : Drawing 2 not migrate
Paragraph 33 "I look forward to reading more letters about this issue in your newspaper." : Paragraph migrate
